03/13/2022 03:33:59 PM: INFO: *** Started Login Test ***
03/13/2022 03:34:02 PM: INFO: *** test passed ***
03/13/2022 03:39:53 PM: INFO: *** Started Login Test ***
03/13/2022 03:39:55 PM: INFO: *** test passed ***
03/13/2022 03:40:54 PM: INFO: *** Started Login Test ***
03/13/2022 03:40:57 PM: INFO: *** test passed ***
03/13/2022 03:42:50 PM: INFO: *** Started Login Test ***
03/13/2022 03:42:52 PM: INFO: *** test passed ***
03/13/2022 04:28:48 PM: INFO: *** Started Login Test ***
03/13/2022 04:28:51 PM: INFO: *** test passed ***
03/13/2022 04:28:52 PM: INFO: *** Started Logout Test ***
03/13/2022 04:36:53 PM: INFO: *** Started Login Test ***
03/13/2022 04:36:55 PM: INFO: *** test passed ***
03/13/2022 04:36:57 PM: INFO: *** Started Logout Test ***
03/13/2022 04:37:37 PM: INFO: *** Started Login Test ***
03/13/2022 04:37:39 PM: INFO: *** test passed ***
03/13/2022 04:37:41 PM: INFO: *** Started Logout Test ***
03/13/2022 05:23:56 PM: INFO: *** Started Login Test ***
03/13/2022 05:23:59 PM: INFO: *** test passed ***
03/13/2022 05:24:00 PM: INFO: *** Started Logout Test ***
03/13/2022 05:24:48 PM: INFO: *** Started Login Test ***
03/13/2022 05:24:50 PM: INFO: *** test passed ***
03/13/2022 05:24:52 PM: INFO: *** Started Logout Test ***
03/13/2022 06:00:01 PM: INFO: *** Started Login Test ***
03/13/2022 06:00:04 PM: INFO: *** test passed ***
03/13/2022 06:00:05 PM: INFO: *** Started Logout Test ***
03/13/2022 06:04:45 PM: INFO: *** Started Login Test ***
03/13/2022 06:04:48 PM: INFO: *** test passed ***
03/13/2022 06:04:50 PM: INFO: *** Started Logout Test ***
03/13/2022 06:05:20 PM: INFO: *** Started Login Test ***
03/13/2022 06:05:22 PM: INFO: *** test passed ***
03/13/2022 06:05:24 PM: INFO: *** Started Logout Test ***
03/13/2022 06:06:31 PM: INFO: *** Started Login Test ***
03/13/2022 06:06:33 PM: INFO: *** test passed ***
03/13/2022 06:06:35 PM: INFO: *** Started Logout Test ***
03/13/2022 06:08:53 PM: INFO: *** Started Login Test ***
03/13/2022 06:08:55 PM: INFO: *** test passed ***
03/13/2022 06:08:57 PM: INFO: *** Started Logout Test ***
03/13/2022 06:09:32 PM: INFO: *** Started Login Test ***
03/13/2022 06:09:35 PM: INFO: *** test passed ***
03/13/2022 06:09:36 PM: INFO: *** Started Logout Test ***
03/13/2022 09:12:45 PM: INFO: *** Started Logout Test ***
03/13/2022 09:12:51 PM: INFO: *** Started Login Test ***
03/13/2022 09:12:53 PM: INFO: *** test passed ***
03/13/2022 09:12:55 PM: INFO: *** Started Logout Test ***
03/13/2022 09:13:23 PM: INFO: *** Started Logout Test ***
03/13/2022 09:13:28 PM: INFO: *** Started Login Test ***
03/13/2022 09:13:31 PM: INFO: *** test passed ***
03/13/2022 09:13:32 PM: INFO: *** Started Logout Test ***
03/13/2022 09:23:19 PM: INFO: *** Started Logout Test ***
03/13/2022 09:23:19 PM: INFO: *** Started Login Test ***
03/13/2022 09:23:23 PM: INFO: *** test passed ***
03/13/2022 09:23:25 PM: INFO: *** Started Logout Test ***
03/13/2022 09:24:07 PM: INFO: *** Started Logout Test ***
03/13/2022 09:24:08 PM: INFO: *** Started Logout Test ***
03/13/2022 09:24:08 PM: INFO: *** Started Login Test ***
03/13/2022 09:24:13 PM: INFO: *** test passed ***
03/14/2022 08:52:49 PM: INFO: *** Started Login Test ***
03/14/2022 08:52:49 PM: INFO: *** Started Add and Remove Product Test ***
03/14/2022 08:52:49 PM: INFO: *** Started Buy BackpackTest ***
03/14/2022 08:52:55 PM: INFO: *** test passed ***
03/14/2022 08:53:17 PM: INFO: *** Started Logout Test ***
03/14/2022 08:59:50 PM: INFO: *** Started Buy BackpackTest ***
03/14/2022 09:01:23 PM: INFO: *** Started Buy BackpackTest ***
03/14/2022 09:03:34 PM: INFO: *** Started Buy BackpackTest ***
03/14/2022 09:05:49 PM: INFO: *** Started Buy BackpackTest ***
03/14/2022 09:07:33 PM: INFO: *** Started Buy BackpackTest ***
03/14/2022 09:08:52 PM: INFO: *** Started Buy BackpackTest ***
03/14/2022 09:22:27 PM: INFO: *** Started Buy BackpackTest ***
03/14/2022 09:25:45 PM: INFO: *** Started Buy BackpackTest ***
03/14/2022 09:27:23 PM: INFO: *** Started Add and Remove Product Test ***
03/14/2022 09:27:28 PM: INFO: *** Started Buy BackpackTest ***
03/14/2022 09:27:34 PM: INFO: *** Started Login Test ***
03/14/2022 09:27:36 PM: INFO: *** test passed ***
03/14/2022 09:27:38 PM: INFO: *** Started Logout Test ***
03/14/2022 09:36:10 PM: INFO: *** Started Login Test ***
03/14/2022 09:37:46 PM: INFO: *** Started Login Test ***
03/14/2022 09:39:39 PM: INFO: *** Started Login Test ***
03/14/2022 09:42:13 PM: INFO: *** Started Login Test ***
03/14/2022 09:44:23 PM: INFO: *** Started Login Test ***
